[2026-02-08T12:23:39.317+0000] {taskinstance.py:1956} INFO - Dependencies all met for dep_context=non-requeueable deps ti=<TaskInstance: pipeline_clima.processar manual__2026-02-08T12:23:37.088249+00:00 [queued]>
[2026-02-08T12:23:39.324+0000] {taskinstance.py:1956} INFO - Dependencies all met for dep_context=requeueable deps ti=<TaskInstance: pipeline_clima.processar manual__2026-02-08T12:23:37.088249+00:00 [queued]>
[2026-02-08T12:23:39.324+0000] {taskinstance.py:2170} INFO - Starting attempt 1 of 2
[2026-02-08T12:23:39.333+0000] {taskinstance.py:2191} INFO - Executing <Task(_PythonDecoratedOperator): processar> on 2026-02-08 12:23:37.088249+00:00
[2026-02-08T12:23:39.341+0000] {standard_task_runner.py:60} INFO - Started process 1015 to run task
[2026-02-08T12:23:39.344+0000] {standard_task_runner.py:87} INFO - Running: ['***', 'tasks', 'run', 'pipeline_clima', 'processar', 'manual__2026-02-08T12:23:37.088249+00:00', '--job-id', '2187', '--raw', '--subdir', 'DAGS_FOLDER/pipeline_clima.py', '--cfg-path', '/tmp/tmpn_afyjti']
[2026-02-08T12:23:39.347+0000] {standard_task_runner.py:88} INFO - Job 2187: Subtask processar
[2026-02-08T12:23:39.395+0000] {task_command.py:423} INFO - Running <TaskInstance: pipeline_clima.processar manual__2026-02-08T12:23:37.088249+00:00 [running]> on host 9bc489ced1ee
[2026-02-08T12:23:39.720+0000] {taskinstance.py:2480} INFO - Exporting env vars: AIRFLOW_CTX_DAG_OWNER='guiandreis' AIRFLOW_CTX_DAG_ID='pipeline_clima' AIRFLOW_CTX_TASK_ID='processar' AIRFLOW_CTX_EXECUTION_DATE='2026-02-08T12:23:37.088249+00:00' AIRFLOW_CTX_TRY_NUMBER='1' AIRFLOW_CTX_DAG_RUN_ID='manual__2026-02-08T12:23:37.088249+00:00'
[2026-02-08T12:23:39.721+0000] {logging_mixin.py:188} INFO -  - -  Processando dados...
[2026-02-08T12:23:39.727+0000] {logging_mixin.py:188} INFO -  - -  Dados processados salvos em /opt/***/data/processed/previsao_tempo_limpo.csv
[2026-02-08T12:23:39.727+0000] {python.py:201} INFO - Done. Returned value was:             name   datetime  tempmax  ...  avg_temp  temp_range  day_of_week
0  Caxias do Sul 2026-02-08     26.2  ...     19.60        13.2       Sunday
1  Caxias do Sul 2026-02-09     32.8  ...     23.80        18.0       Monday
2  Caxias do Sul 2026-02-10     33.5  ...     25.30        16.4      Tuesday
3  Caxias do Sul 2026-02-11     35.7  ...     26.75        17.9    Wednesday
4  Caxias do Sul 2026-02-12     36.3  ...     28.15        16.3     Thursday
5  Caxias do Sul 2026-02-13     34.4  ...     27.10        14.6       Friday
6  Caxias do Sul 2026-02-14     28.5  ...     24.05         8.9     Saturday
7  Caxias do Sul 2026-02-15     31.6  ...     25.45        12.3       Sunday

[8 rows x 12 columns]
[2026-02-08T12:23:39.760+0000] {taskinstance.py:1138} INFO - Marking task as SUCCESS. dag_id=pipeline_clima, task_id=processar, execution_date=20260208T122337, start_date=20260208T122339, end_date=20260208T122339
[2026-02-08T12:23:39.798+0000] {local_task_job_runner.py:234} INFO - Task exited with return code 0
[2026-02-08T12:23:39.816+0000] {taskinstance.py:3280} INFO - 1 downstream tasks scheduled from follow-on schedule check
