[2026-02-08T00:00:11.148+0000] {processor.py:161} INFO - Started process (PID=1815) to work on /opt/airflow/dags/pipeline_clima.py
[2026-02-08T00:00:11.149+0000] {processor.py:830} INFO - Processing file /opt/airflow/dags/pipeline_clima.py for tasks to queue
[2026-02-08T00:00:11.149+0000] {logging_mixin.py:188} INFO - [2026-02-08T00:00:11.149+0000] {dagbag.py:538} INFO - Filling up the DagBag from /opt/airflow/dags/pipeline_clima.py
[2026-02-08T00:00:11.354+0000] {processor.py:840} INFO - DAG(s) 'pipeline_clima' retrieved from /opt/airflow/dags/pipeline_clima.py
[2026-02-08T00:00:11.379+0000] {logging_mixin.py:188} INFO - [2026-02-08T00:00:11.378+0000] {dag.py:3036} INFO - Sync 1 DAGs
[2026-02-08T00:00:11.573+0000] {logging_mixin.py:188} INFO - [2026-02-08T00:00:11.573+0000] {dag.py:3823} INFO - Setting next_dagrun for pipeline_clima to 2026-02-07 00:00:00+00:00, run_after=2026-02-08 00:00:00+00:00
[2026-02-08T00:00:11.586+0000] {processor.py:183} INFO - Processing /opt/airflow/dags/pipeline_clima.py took 0.441 seconds
[2026-02-08T00:00:41.841+0000] {processor.py:161} INFO - Started process (PID=1827) to work on /opt/airflow/dags/pipeline_clima.py
[2026-02-08T00:00:41.842+0000] {processor.py:830} INFO - Processing file /opt/airflow/dags/pipeline_clima.py for tasks to queue
[2026-02-08T00:00:41.842+0000] {logging_mixin.py:188} INFO - [2026-02-08T00:00:41.842+0000] {dagbag.py:538} INFO - Filling up the DagBag from /opt/airflow/dags/pipeline_clima.py
[2026-02-08T00:00:42.053+0000] {processor.py:840} INFO - DAG(s) 'pipeline_clima' retrieved from /opt/airflow/dags/pipeline_clima.py
[2026-02-08T00:00:42.078+0000] {logging_mixin.py:188} INFO - [2026-02-08T00:00:42.078+0000] {dag.py:3036} INFO - Sync 1 DAGs
[2026-02-08T00:00:42.095+0000] {logging_mixin.py:188} INFO - [2026-02-08T00:00:42.095+0000] {dag.py:3823} INFO - Setting next_dagrun for pipeline_clima to 2026-02-07 00:00:00+00:00, run_after=2026-02-08 00:00:00+00:00
[2026-02-08T00:00:42.109+0000] {processor.py:183} INFO - Processing /opt/airflow/dags/pipeline_clima.py took 0.270 seconds
[2026-02-08T00:01:12.294+0000] {processor.py:161} INFO - Started process (PID=1839) to work on /opt/airflow/dags/pipeline_clima.py
[2026-02-08T00:01:12.294+0000] {processor.py:830} INFO - Processing file /opt/airflow/dags/pipeline_clima.py for tasks to queue
[2026-02-08T00:01:12.295+0000] {logging_mixin.py:188} INFO - [2026-02-08T00:01:12.295+0000] {dagbag.py:538} INFO - Filling up the DagBag from /opt/airflow/dags/pipeline_clima.py
[2026-02-08T00:01:12.620+0000] {processor.py:840} INFO - DAG(s) 'pipeline_clima' retrieved from /opt/airflow/dags/pipeline_clima.py
[2026-02-08T00:01:12.651+0000] {logging_mixin.py:188} INFO - [2026-02-08T00:01:12.651+0000] {dag.py:3036} INFO - Sync 1 DAGs
[2026-02-08T00:01:12.673+0000] {logging_mixin.py:188} INFO - [2026-02-08T00:01:12.672+0000] {dag.py:3823} INFO - Setting next_dagrun for pipeline_clima to 2026-02-07 00:00:00+00:00, run_after=2026-02-08 00:00:00+00:00
[2026-02-08T00:01:12.690+0000] {processor.py:183} INFO - Processing /opt/airflow/dags/pipeline_clima.py took 0.399 seconds
[2026-02-08T00:01:42.952+0000] {processor.py:161} INFO - Started process (PID=1851) to work on /opt/airflow/dags/pipeline_clima.py
[2026-02-08T00:01:42.954+0000] {processor.py:830} INFO - Processing file /opt/airflow/dags/pipeline_clima.py for tasks to queue
[2026-02-08T00:01:42.955+0000] {logging_mixin.py:188} INFO - [2026-02-08T00:01:42.955+0000] {dagbag.py:538} INFO - Filling up the DagBag from /opt/airflow/dags/pipeline_clima.py
[2026-02-08T00:01:43.211+0000] {processor.py:840} INFO - DAG(s) 'pipeline_clima' retrieved from /opt/airflow/dags/pipeline_clima.py
[2026-02-08T00:01:43.242+0000] {logging_mixin.py:188} INFO - [2026-02-08T00:01:43.241+0000] {dag.py:3036} INFO - Sync 1 DAGs
[2026-02-08T00:01:43.279+0000] {logging_mixin.py:188} INFO - [2026-02-08T00:01:43.279+0000] {dag.py:3823} INFO - Setting next_dagrun for pipeline_clima to 2026-02-07 00:00:00+00:00, run_after=2026-02-08 00:00:00+00:00
[2026-02-08T00:01:43.319+0000] {processor.py:183} INFO - Processing /opt/airflow/dags/pipeline_clima.py took 0.372 seconds
[2026-02-08T00:02:13.542+0000] {processor.py:161} INFO - Started process (PID=1863) to work on /opt/airflow/dags/pipeline_clima.py
[2026-02-08T00:02:13.542+0000] {processor.py:830} INFO - Processing file /opt/airflow/dags/pipeline_clima.py for tasks to queue
[2026-02-08T00:02:13.543+0000] {logging_mixin.py:188} INFO - [2026-02-08T00:02:13.543+0000] {dagbag.py:538} INFO - Filling up the DagBag from /opt/airflow/dags/pipeline_clima.py
[2026-02-08T00:02:13.823+0000] {processor.py:840} INFO - DAG(s) 'pipeline_clima' retrieved from /opt/airflow/dags/pipeline_clima.py
[2026-02-08T00:02:13.849+0000] {logging_mixin.py:188} INFO - [2026-02-08T00:02:13.849+0000] {dag.py:3036} INFO - Sync 1 DAGs
[2026-02-08T00:02:13.870+0000] {logging_mixin.py:188} INFO - [2026-02-08T00:02:13.869+0000] {dag.py:3823} INFO - Setting next_dagrun for pipeline_clima to 2026-02-07 00:00:00+00:00, run_after=2026-02-08 00:00:00+00:00
[2026-02-08T00:02:14.060+0000] {processor.py:183} INFO - Processing /opt/airflow/dags/pipeline_clima.py took 0.522 seconds
[2026-02-08T00:02:44.304+0000] {processor.py:161} INFO - Started process (PID=1875) to work on /opt/airflow/dags/pipeline_clima.py
[2026-02-08T00:02:44.305+0000] {processor.py:830} INFO - Processing file /opt/airflow/dags/pipeline_clima.py for tasks to queue
[2026-02-08T00:02:44.305+0000] {logging_mixin.py:188} INFO - [2026-02-08T00:02:44.305+0000] {dagbag.py:538} INFO - Filling up the DagBag from /opt/airflow/dags/pipeline_clima.py
[2026-02-08T00:02:44.541+0000] {processor.py:840} INFO - DAG(s) 'pipeline_clima' retrieved from /opt/airflow/dags/pipeline_clima.py
[2026-02-08T00:02:44.570+0000] {logging_mixin.py:188} INFO - [2026-02-08T00:02:44.569+0000] {dag.py:3036} INFO - Sync 1 DAGs
[2026-02-08T00:02:44.767+0000] {logging_mixin.py:188} INFO - [2026-02-08T00:02:44.767+0000] {dag.py:3823} INFO - Setting next_dagrun for pipeline_clima to 2026-02-07 00:00:00+00:00, run_after=2026-02-08 00:00:00+00:00
[2026-02-08T00:02:44.780+0000] {processor.py:183} INFO - Processing /opt/airflow/dags/pipeline_clima.py took 0.480 seconds
[2026-02-08T00:03:15.014+0000] {processor.py:161} INFO - Started process (PID=1887) to work on /opt/airflow/dags/pipeline_clima.py
[2026-02-08T00:03:15.015+0000] {processor.py:830} INFO - Processing file /opt/airflow/dags/pipeline_clima.py for tasks to queue
[2026-02-08T00:03:15.015+0000] {logging_mixin.py:188} INFO - [2026-02-08T00:03:15.015+0000] {dagbag.py:538} INFO - Filling up the DagBag from /opt/airflow/dags/pipeline_clima.py
[2026-02-08T00:03:15.232+0000] {processor.py:840} INFO - DAG(s) 'pipeline_clima' retrieved from /opt/airflow/dags/pipeline_clima.py
[2026-02-08T00:03:15.258+0000] {logging_mixin.py:188} INFO - [2026-02-08T00:03:15.258+0000] {dag.py:3036} INFO - Sync 1 DAGs
[2026-02-08T00:03:15.444+0000] {logging_mixin.py:188} INFO - [2026-02-08T00:03:15.444+0000] {dag.py:3823} INFO - Setting next_dagrun for pipeline_clima to 2026-02-07 00:00:00+00:00, run_after=2026-02-08 00:00:00+00:00
[2026-02-08T00:03:15.457+0000] {processor.py:183} INFO - Processing /opt/airflow/dags/pipeline_clima.py took 0.446 seconds
[2026-02-08T00:03:45.637+0000] {processor.py:161} INFO - Started process (PID=1899) to work on /opt/airflow/dags/pipeline_clima.py
[2026-02-08T00:03:45.638+0000] {processor.py:830} INFO - Processing file /opt/airflow/dags/pipeline_clima.py for tasks to queue
[2026-02-08T00:03:45.639+0000] {logging_mixin.py:188} INFO - [2026-02-08T00:03:45.639+0000] {dagbag.py:538} INFO - Filling up the DagBag from /opt/airflow/dags/pipeline_clima.py
[2026-02-08T00:03:45.848+0000] {processor.py:840} INFO - DAG(s) 'pipeline_clima' retrieved from /opt/airflow/dags/pipeline_clima.py
[2026-02-08T00:03:45.873+0000] {logging_mixin.py:188} INFO - [2026-02-08T00:03:45.872+0000] {dag.py:3036} INFO - Sync 1 DAGs
[2026-02-08T00:03:45.892+0000] {logging_mixin.py:188} INFO - [2026-02-08T00:03:45.892+0000] {dag.py:3823} INFO - Setting next_dagrun for pipeline_clima to 2026-02-07 00:00:00+00:00, run_after=2026-02-08 00:00:00+00:00
[2026-02-08T00:03:45.906+0000] {processor.py:183} INFO - Processing /opt/airflow/dags/pipeline_clima.py took 0.272 seconds
[2026-02-08T00:04:16.063+0000] {processor.py:161} INFO - Started process (PID=1911) to work on /opt/airflow/dags/pipeline_clima.py
[2026-02-08T00:04:16.063+0000] {processor.py:830} INFO - Processing file /opt/airflow/dags/pipeline_clima.py for tasks to queue
[2026-02-08T00:04:16.064+0000] {logging_mixin.py:188} INFO - [2026-02-08T00:04:16.064+0000] {dagbag.py:538} INFO - Filling up the DagBag from /opt/airflow/dags/pipeline_clima.py
[2026-02-08T00:04:16.280+0000] {processor.py:840} INFO - DAG(s) 'pipeline_clima' retrieved from /opt/airflow/dags/pipeline_clima.py
[2026-02-08T00:04:16.304+0000] {logging_mixin.py:188} INFO - [2026-02-08T00:04:16.304+0000] {dag.py:3036} INFO - Sync 1 DAGs
[2026-02-08T00:04:16.326+0000] {logging_mixin.py:188} INFO - [2026-02-08T00:04:16.326+0000] {dag.py:3823} INFO - Setting next_dagrun for pipeline_clima to 2026-02-07 00:00:00+00:00, run_after=2026-02-08 00:00:00+00:00
[2026-02-08T00:04:16.343+0000] {processor.py:183} INFO - Processing /opt/airflow/dags/pipeline_clima.py took 0.284 seconds
[2026-02-08T00:04:46.530+0000] {processor.py:161} INFO - Started process (PID=1923) to work on /opt/airflow/dags/pipeline_clima.py
[2026-02-08T00:04:46.531+0000] {processor.py:830} INFO - Processing file /opt/airflow/dags/pipeline_clima.py for tasks to queue
[2026-02-08T00:04:46.531+0000] {logging_mixin.py:188} INFO - [2026-02-08T00:04:46.531+0000] {dagbag.py:538} INFO - Filling up the DagBag from /opt/airflow/dags/pipeline_clima.py
[2026-02-08T00:04:46.858+0000] {processor.py:840} INFO - DAG(s) 'pipeline_clima' retrieved from /opt/airflow/dags/pipeline_clima.py
[2026-02-08T00:04:46.887+0000] {logging_mixin.py:188} INFO - [2026-02-08T00:04:46.887+0000] {dag.py:3036} INFO - Sync 1 DAGs
[2026-02-08T00:04:46.907+0000] {logging_mixin.py:188} INFO - [2026-02-08T00:04:46.906+0000] {dag.py:3823} INFO - Setting next_dagrun for pipeline_clima to 2026-02-07 00:00:00+00:00, run_after=2026-02-08 00:00:00+00:00
[2026-02-08T00:04:46.922+0000] {processor.py:183} INFO - Processing /opt/airflow/dags/pipeline_clima.py took 0.396 seconds
[2026-02-08T00:05:17.106+0000] {processor.py:161} INFO - Started process (PID=1935) to work on /opt/airflow/dags/pipeline_clima.py
[2026-02-08T00:05:17.107+0000] {processor.py:830} INFO - Processing file /opt/airflow/dags/pipeline_clima.py for tasks to queue
[2026-02-08T00:05:17.107+0000] {logging_mixin.py:188} INFO - [2026-02-08T00:05:17.107+0000] {dagbag.py:538} INFO - Filling up the DagBag from /opt/airflow/dags/pipeline_clima.py
[2026-02-08T00:05:17.313+0000] {processor.py:840} INFO - DAG(s) 'pipeline_clima' retrieved from /opt/airflow/dags/pipeline_clima.py
[2026-02-08T00:05:17.340+0000] {logging_mixin.py:188} INFO - [2026-02-08T00:05:17.340+0000] {dag.py:3036} INFO - Sync 1 DAGs
[2026-02-08T00:05:17.359+0000] {logging_mixin.py:188} INFO - [2026-02-08T00:05:17.359+0000] {dag.py:3823} INFO - Setting next_dagrun for pipeline_clima to 2026-02-07 00:00:00+00:00, run_after=2026-02-08 00:00:00+00:00
[2026-02-08T00:05:17.539+0000] {processor.py:183} INFO - Processing /opt/airflow/dags/pipeline_clima.py took 0.437 seconds
[2026-02-08T00:05:47.708+0000] {processor.py:161} INFO - Started process (PID=1947) to work on /opt/airflow/dags/pipeline_clima.py
[2026-02-08T00:05:47.709+0000] {processor.py:830} INFO - Processing file /opt/airflow/dags/pipeline_clima.py for tasks to queue
[2026-02-08T00:05:47.710+0000] {logging_mixin.py:188} INFO - [2026-02-08T00:05:47.710+0000] {dagbag.py:538} INFO - Filling up the DagBag from /opt/airflow/dags/pipeline_clima.py
[2026-02-08T00:05:47.939+0000] {processor.py:840} INFO - DAG(s) 'pipeline_clima' retrieved from /opt/airflow/dags/pipeline_clima.py
[2026-02-08T00:05:47.966+0000] {logging_mixin.py:188} INFO - [2026-02-08T00:05:47.966+0000] {dag.py:3036} INFO - Sync 1 DAGs
[2026-02-08T00:05:48.147+0000] {logging_mixin.py:188} INFO - [2026-02-08T00:05:48.146+0000] {dag.py:3823} INFO - Setting next_dagrun for pipeline_clima to 2026-02-07 00:00:00+00:00, run_after=2026-02-08 00:00:00+00:00
[2026-02-08T00:05:48.160+0000] {processor.py:183} INFO - Processing /opt/airflow/dags/pipeline_clima.py took 0.455 seconds
[2026-02-08T00:06:18.301+0000] {processor.py:161} INFO - Started process (PID=1959) to work on /opt/airflow/dags/pipeline_clima.py
[2026-02-08T00:06:18.301+0000] {processor.py:830} INFO - Processing file /opt/airflow/dags/pipeline_clima.py for tasks to queue
[2026-02-08T00:06:18.302+0000] {logging_mixin.py:188} INFO - [2026-02-08T00:06:18.302+0000] {dagbag.py:538} INFO - Filling up the DagBag from /opt/airflow/dags/pipeline_clima.py
[2026-02-08T00:06:18.559+0000] {processor.py:840} INFO - DAG(s) 'pipeline_clima' retrieved from /opt/airflow/dags/pipeline_clima.py
[2026-02-08T00:06:18.584+0000] {logging_mixin.py:188} INFO - [2026-02-08T00:06:18.584+0000] {dag.py:3036} INFO - Sync 1 DAGs
[2026-02-08T00:06:18.604+0000] {logging_mixin.py:188} INFO - [2026-02-08T00:06:18.604+0000] {dag.py:3823} INFO - Setting next_dagrun for pipeline_clima to 2026-02-07 00:00:00+00:00, run_after=2026-02-08 00:00:00+00:00
[2026-02-08T00:06:18.619+0000] {processor.py:183} INFO - Processing /opt/airflow/dags/pipeline_clima.py took 0.322 seconds
[2026-02-08T00:06:48.781+0000] {processor.py:161} INFO - Started process (PID=1971) to work on /opt/airflow/dags/pipeline_clima.py
[2026-02-08T00:06:48.782+0000] {processor.py:830} INFO - Processing file /opt/airflow/dags/pipeline_clima.py for tasks to queue
[2026-02-08T00:06:48.783+0000] {logging_mixin.py:188} INFO - [2026-02-08T00:06:48.782+0000] {dagbag.py:538} INFO - Filling up the DagBag from /opt/airflow/dags/pipeline_clima.py
[2026-02-08T00:06:48.991+0000] {processor.py:840} INFO - DAG(s) 'pipeline_clima' retrieved from /opt/airflow/dags/pipeline_clima.py
[2026-02-08T00:06:49.015+0000] {logging_mixin.py:188} INFO - [2026-02-08T00:06:49.015+0000] {dag.py:3036} INFO - Sync 1 DAGs
[2026-02-08T00:06:49.033+0000] {logging_mixin.py:188} INFO - [2026-02-08T00:06:49.032+0000] {dag.py:3823} INFO - Setting next_dagrun for pipeline_clima to 2026-02-07 00:00:00+00:00, run_after=2026-02-08 00:00:00+00:00
[2026-02-08T00:06:49.047+0000] {processor.py:183} INFO - Processing /opt/airflow/dags/pipeline_clima.py took 0.269 seconds
[2026-02-08T00:07:19.212+0000] {processor.py:161} INFO - Started process (PID=1983) to work on /opt/airflow/dags/pipeline_clima.py
[2026-02-08T00:07:19.213+0000] {processor.py:830} INFO - Processing file /opt/airflow/dags/pipeline_clima.py for tasks to queue
[2026-02-08T00:07:19.214+0000] {logging_mixin.py:188} INFO - [2026-02-08T00:07:19.214+0000] {dagbag.py:538} INFO - Filling up the DagBag from /opt/airflow/dags/pipeline_clima.py
[2026-02-08T00:07:19.542+0000] {processor.py:840} INFO - DAG(s) 'pipeline_clima' retrieved from /opt/airflow/dags/pipeline_clima.py
[2026-02-08T00:07:19.572+0000] {logging_mixin.py:188} INFO - [2026-02-08T00:07:19.571+0000] {dag.py:3036} INFO - Sync 1 DAGs
[2026-02-08T00:07:19.591+0000] {logging_mixin.py:188} INFO - [2026-02-08T00:07:19.590+0000] {dag.py:3823} INFO - Setting next_dagrun for pipeline_clima to 2026-02-07 00:00:00+00:00, run_after=2026-02-08 00:00:00+00:00
[2026-02-08T00:07:19.606+0000] {processor.py:183} INFO - Processing /opt/airflow/dags/pipeline_clima.py took 0.397 seconds
[2026-02-08T00:07:49.721+0000] {processor.py:161} INFO - Started process (PID=1995) to work on /opt/airflow/dags/pipeline_clima.py
[2026-02-08T00:07:49.722+0000] {processor.py:830} INFO - Processing file /opt/airflow/dags/pipeline_clima.py for tasks to queue
[2026-02-08T00:07:49.722+0000] {logging_mixin.py:188} INFO - [2026-02-08T00:07:49.722+0000] {dagbag.py:538} INFO - Filling up the DagBag from /opt/airflow/dags/pipeline_clima.py
[2026-02-08T00:07:49.932+0000] {processor.py:840} INFO - DAG(s) 'pipeline_clima' retrieved from /opt/airflow/dags/pipeline_clima.py
[2026-02-08T00:07:49.958+0000] {logging_mixin.py:188} INFO - [2026-02-08T00:07:49.958+0000] {dag.py:3036} INFO - Sync 1 DAGs
[2026-02-08T00:07:49.977+0000] {logging_mixin.py:188} INFO - [2026-02-08T00:07:49.977+0000] {dag.py:3823} INFO - Setting next_dagrun for pipeline_clima to 2026-02-07 00:00:00+00:00, run_after=2026-02-08 00:00:00+00:00
[2026-02-08T00:07:50.151+0000] {processor.py:183} INFO - Processing /opt/airflow/dags/pipeline_clima.py took 0.434 seconds
[2026-02-08T00:08:20.340+0000] {processor.py:161} INFO - Started process (PID=2007) to work on /opt/airflow/dags/pipeline_clima.py
[2026-02-08T00:08:20.341+0000] {processor.py:830} INFO - Processing file /opt/airflow/dags/pipeline_clima.py for tasks to queue
[2026-02-08T00:08:20.342+0000] {logging_mixin.py:188} INFO - [2026-02-08T00:08:20.341+0000] {dagbag.py:538} INFO - Filling up the DagBag from /opt/airflow/dags/pipeline_clima.py
[2026-02-08T00:08:20.553+0000] {processor.py:840} INFO - DAG(s) 'pipeline_clima' retrieved from /opt/airflow/dags/pipeline_clima.py
[2026-02-08T00:08:20.578+0000] {logging_mixin.py:188} INFO - [2026-02-08T00:08:20.578+0000] {dag.py:3036} INFO - Sync 1 DAGs
[2026-02-08T00:08:20.770+0000] {logging_mixin.py:188} INFO - [2026-02-08T00:08:20.769+0000] {dag.py:3823} INFO - Setting next_dagrun for pipeline_clima to 2026-02-07 00:00:00+00:00, run_after=2026-02-08 00:00:00+00:00
[2026-02-08T00:08:20.782+0000] {processor.py:183} INFO - Processing /opt/airflow/dags/pipeline_clima.py took 0.447 seconds
[2026-02-08T00:08:50.940+0000] {processor.py:161} INFO - Started process (PID=2019) to work on /opt/airflow/dags/pipeline_clima.py
[2026-02-08T00:08:50.940+0000] {processor.py:830} INFO - Processing file /opt/airflow/dags/pipeline_clima.py for tasks to queue
[2026-02-08T00:08:50.941+0000] {logging_mixin.py:188} INFO - [2026-02-08T00:08:50.941+0000] {dagbag.py:538} INFO - Filling up the DagBag from /opt/airflow/dags/pipeline_clima.py
[2026-02-08T00:08:51.215+0000] {processor.py:840} INFO - DAG(s) 'pipeline_clima' retrieved from /opt/airflow/dags/pipeline_clima.py
[2026-02-08T00:08:51.243+0000] {logging_mixin.py:188} INFO - [2026-02-08T00:08:51.242+0000] {dag.py:3036} INFO - Sync 1 DAGs
[2026-02-08T00:08:51.431+0000] {logging_mixin.py:188} INFO - [2026-02-08T00:08:51.431+0000] {dag.py:3823} INFO - Setting next_dagrun for pipeline_clima to 2026-02-07 00:00:00+00:00, run_after=2026-02-08 00:00:00+00:00
[2026-02-08T00:08:51.444+0000] {processor.py:183} INFO - Processing /opt/airflow/dags/pipeline_clima.py took 0.507 seconds
[2026-02-08T00:09:21.629+0000] {processor.py:161} INFO - Started process (PID=2031) to work on /opt/airflow/dags/pipeline_clima.py
[2026-02-08T00:09:21.630+0000] {processor.py:830} INFO - Processing file /opt/airflow/dags/pipeline_clima.py for tasks to queue
[2026-02-08T00:09:21.631+0000] {logging_mixin.py:188} INFO - [2026-02-08T00:09:21.631+0000] {dagbag.py:538} INFO - Filling up the DagBag from /opt/airflow/dags/pipeline_clima.py
[2026-02-08T00:09:21.834+0000] {processor.py:840} INFO - DAG(s) 'pipeline_clima' retrieved from /opt/airflow/dags/pipeline_clima.py
[2026-02-08T00:09:21.862+0000] {logging_mixin.py:188} INFO - [2026-02-08T00:09:21.862+0000] {dag.py:3036} INFO - Sync 1 DAGs
[2026-02-08T00:09:21.880+0000] {logging_mixin.py:188} INFO - [2026-02-08T00:09:21.880+0000] {dag.py:3823} INFO - Setting next_dagrun for pipeline_clima to 2026-02-07 00:00:00+00:00, run_after=2026-02-08 00:00:00+00:00
[2026-02-08T00:09:21.895+0000] {processor.py:183} INFO - Processing /opt/airflow/dags/pipeline_clima.py took 0.269 seconds
[2026-02-08T00:09:52.052+0000] {processor.py:161} INFO - Started process (PID=2043) to work on /opt/airflow/dags/pipeline_clima.py
[2026-02-08T00:09:52.053+0000] {processor.py:830} INFO - Processing file /opt/airflow/dags/pipeline_clima.py for tasks to queue
[2026-02-08T00:09:52.054+0000] {logging_mixin.py:188} INFO - [2026-02-08T00:09:52.054+0000] {dagbag.py:538} INFO - Filling up the DagBag from /opt/airflow/dags/pipeline_clima.py
[2026-02-08T00:09:52.275+0000] {processor.py:840} INFO - DAG(s) 'pipeline_clima' retrieved from /opt/airflow/dags/pipeline_clima.py
[2026-02-08T00:09:52.301+0000] {logging_mixin.py:188} INFO - [2026-02-08T00:09:52.300+0000] {dag.py:3036} INFO - Sync 1 DAGs
[2026-02-08T00:09:52.319+0000] {logging_mixin.py:188} INFO - [2026-02-08T00:09:52.318+0000] {dag.py:3823} INFO - Setting next_dagrun for pipeline_clima to 2026-02-07 00:00:00+00:00, run_after=2026-02-08 00:00:00+00:00
[2026-02-08T00:09:52.333+0000] {processor.py:183} INFO - Processing /opt/airflow/dags/pipeline_clima.py took 0.284 seconds
[2026-02-08T00:10:22.492+0000] {processor.py:161} INFO - Started process (PID=2055) to work on /opt/airflow/dags/pipeline_clima.py
[2026-02-08T00:10:22.493+0000] {processor.py:830} INFO - Processing file /opt/airflow/dags/pipeline_clima.py for tasks to queue
[2026-02-08T00:10:22.494+0000] {logging_mixin.py:188} INFO - [2026-02-08T00:10:22.493+0000] {dagbag.py:538} INFO - Filling up the DagBag from /opt/airflow/dags/pipeline_clima.py
[2026-02-08T00:10:22.821+0000] {processor.py:840} INFO - DAG(s) 'pipeline_clima' retrieved from /opt/airflow/dags/pipeline_clima.py
[2026-02-08T00:10:22.851+0000] {logging_mixin.py:188} INFO - [2026-02-08T00:10:22.850+0000] {dag.py:3036} INFO - Sync 1 DAGs
[2026-02-08T00:10:22.869+0000] {logging_mixin.py:188} INFO - [2026-02-08T00:10:22.869+0000] {dag.py:3823} INFO - Setting next_dagrun for pipeline_clima to 2026-02-07 00:00:00+00:00, run_after=2026-02-08 00:00:00+00:00
[2026-02-08T00:10:22.884+0000] {processor.py:183} INFO - Processing /opt/airflow/dags/pipeline_clima.py took 0.395 seconds
[2026-02-08T00:10:53.050+0000] {processor.py:161} INFO - Started process (PID=2067) to work on /opt/airflow/dags/pipeline_clima.py
[2026-02-08T00:10:53.050+0000] {processor.py:830} INFO - Processing file /opt/airflow/dags/pipeline_clima.py for tasks to queue
[2026-02-08T00:10:53.051+0000] {logging_mixin.py:188} INFO - [2026-02-08T00:10:53.051+0000] {dagbag.py:538} INFO - Filling up the DagBag from /opt/airflow/dags/pipeline_clima.py
[2026-02-08T00:10:53.260+0000] {processor.py:840} INFO - DAG(s) 'pipeline_clima' retrieved from /opt/airflow/dags/pipeline_clima.py
[2026-02-08T00:10:53.284+0000] {logging_mixin.py:188} INFO - [2026-02-08T00:10:53.284+0000] {dag.py:3036} INFO - Sync 1 DAGs
[2026-02-08T00:10:53.304+0000] {logging_mixin.py:188} INFO - [2026-02-08T00:10:53.303+0000] {dag.py:3823} INFO - Setting next_dagrun for pipeline_clima to 2026-02-07 00:00:00+00:00, run_after=2026-02-08 00:00:00+00:00
[2026-02-08T00:10:53.474+0000] {processor.py:183} INFO - Processing /opt/airflow/dags/pipeline_clima.py took 0.427 seconds
[2026-02-08T00:11:23.659+0000] {processor.py:161} INFO - Started process (PID=2079) to work on /opt/airflow/dags/pipeline_clima.py
[2026-02-08T00:11:23.660+0000] {processor.py:830} INFO - Processing file /opt/airflow/dags/pipeline_clima.py for tasks to queue
[2026-02-08T00:11:23.661+0000] {logging_mixin.py:188} INFO - [2026-02-08T00:11:23.660+0000] {dagbag.py:538} INFO - Filling up the DagBag from /opt/airflow/dags/pipeline_clima.py
[2026-02-08T00:11:23.869+0000] {processor.py:840} INFO - DAG(s) 'pipeline_clima' retrieved from /opt/airflow/dags/pipeline_clima.py
[2026-02-08T00:11:23.895+0000] {logging_mixin.py:188} INFO - [2026-02-08T00:11:23.895+0000] {dag.py:3036} INFO - Sync 1 DAGs
[2026-02-08T00:11:24.072+0000] {logging_mixin.py:188} INFO - [2026-02-08T00:11:24.072+0000] {dag.py:3823} INFO - Setting next_dagrun for pipeline_clima to 2026-02-07 00:00:00+00:00, run_after=2026-02-08 00:00:00+00:00
[2026-02-08T00:11:24.086+0000] {processor.py:183} INFO - Processing /opt/airflow/dags/pipeline_clima.py took 0.430 seconds
[2026-02-08T00:11:54.267+0000] {processor.py:161} INFO - Started process (PID=2091) to work on /opt/airflow/dags/pipeline_clima.py
[2026-02-08T00:11:54.268+0000] {processor.py:830} INFO - Processing file /opt/airflow/dags/pipeline_clima.py for tasks to queue
[2026-02-08T00:11:54.268+0000] {logging_mixin.py:188} INFO - [2026-02-08T00:11:54.268+0000] {dagbag.py:538} INFO - Filling up the DagBag from /opt/airflow/dags/pipeline_clima.py
[2026-02-08T00:11:54.478+0000] {processor.py:840} INFO - DAG(s) 'pipeline_clima' retrieved from /opt/airflow/dags/pipeline_clima.py
[2026-02-08T00:11:54.501+0000] {logging_mixin.py:188} INFO - [2026-02-08T00:11:54.501+0000] {dag.py:3036} INFO - Sync 1 DAGs
[2026-02-08T00:11:54.671+0000] {logging_mixin.py:188} INFO - [2026-02-08T00:11:54.671+0000] {dag.py:3823} INFO - Setting next_dagrun for pipeline_clima to 2026-02-07 00:00:00+00:00, run_after=2026-02-08 00:00:00+00:00
[2026-02-08T00:11:54.684+0000] {processor.py:183} INFO - Processing /opt/airflow/dags/pipeline_clima.py took 0.420 seconds
[2026-02-08T00:12:24.851+0000] {processor.py:161} INFO - Started process (PID=2103) to work on /opt/airflow/dags/pipeline_clima.py
[2026-02-08T00:12:24.851+0000] {processor.py:830} INFO - Processing file /opt/airflow/dags/pipeline_clima.py for tasks to queue
[2026-02-08T00:12:24.852+0000] {logging_mixin.py:188} INFO - [2026-02-08T00:12:24.852+0000] {dagbag.py:538} INFO - Filling up the DagBag from /opt/airflow/dags/pipeline_clima.py
[2026-02-08T00:12:25.050+0000] {processor.py:840} INFO - DAG(s) 'pipeline_clima' retrieved from /opt/airflow/dags/pipeline_clima.py
[2026-02-08T00:12:25.075+0000] {logging_mixin.py:188} INFO - [2026-02-08T00:12:25.075+0000] {dag.py:3036} INFO - Sync 1 DAGs
[2026-02-08T00:12:25.094+0000] {logging_mixin.py:188} INFO - [2026-02-08T00:12:25.093+0000] {dag.py:3823} INFO - Setting next_dagrun for pipeline_clima to 2026-02-07 00:00:00+00:00, run_after=2026-02-08 00:00:00+00:00
[2026-02-08T00:12:25.107+0000] {processor.py:183} INFO - Processing /opt/airflow/dags/pipeline_clima.py took 0.260 seconds
[2026-02-08T00:12:55.253+0000] {processor.py:161} INFO - Started process (PID=2115) to work on /opt/airflow/dags/pipeline_clima.py
[2026-02-08T00:12:55.254+0000] {processor.py:830} INFO - Processing file /opt/airflow/dags/pipeline_clima.py for tasks to queue
[2026-02-08T00:12:55.254+0000] {logging_mixin.py:188} INFO - [2026-02-08T00:12:55.254+0000] {dagbag.py:538} INFO - Filling up the DagBag from /opt/airflow/dags/pipeline_clima.py
[2026-02-08T00:12:55.606+0000] {processor.py:840} INFO - DAG(s) 'pipeline_clima' retrieved from /opt/airflow/dags/pipeline_clima.py
[2026-02-08T00:12:55.637+0000] {logging_mixin.py:188} INFO - [2026-02-08T00:12:55.637+0000] {dag.py:3036} INFO - Sync 1 DAGs
[2026-02-08T00:12:55.656+0000] {logging_mixin.py:188} INFO - [2026-02-08T00:12:55.656+0000] {dag.py:3823} INFO - Setting next_dagrun for pipeline_clima to 2026-02-07 00:00:00+00:00, run_after=2026-02-08 00:00:00+00:00
[2026-02-08T00:12:55.671+0000] {processor.py:183} INFO - Processing /opt/airflow/dags/pipeline_clima.py took 0.421 seconds
[2026-02-08T00:13:25.868+0000] {processor.py:161} INFO - Started process (PID=2127) to work on /opt/airflow/dags/pipeline_clima.py
[2026-02-08T00:13:25.869+0000] {processor.py:830} INFO - Processing file /opt/airflow/dags/pipeline_clima.py for tasks to queue
[2026-02-08T00:13:25.870+0000] {logging_mixin.py:188} INFO - [2026-02-08T00:13:25.869+0000] {dagbag.py:538} INFO - Filling up the DagBag from /opt/airflow/dags/pipeline_clima.py
[2026-02-08T00:13:26.075+0000] {processor.py:840} INFO - DAG(s) 'pipeline_clima' retrieved from /opt/airflow/dags/pipeline_clima.py
[2026-02-08T00:13:26.103+0000] {logging_mixin.py:188} INFO - [2026-02-08T00:13:26.103+0000] {dag.py:3036} INFO - Sync 1 DAGs
[2026-02-08T00:13:26.124+0000] {logging_mixin.py:188} INFO - [2026-02-08T00:13:26.123+0000] {dag.py:3823} INFO - Setting next_dagrun for pipeline_clima to 2026-02-07 00:00:00+00:00, run_after=2026-02-08 00:00:00+00:00
[2026-02-08T00:13:26.320+0000] {processor.py:183} INFO - Processing /opt/airflow/dags/pipeline_clima.py took 0.454 seconds
[2026-02-08T00:13:56.500+0000] {processor.py:161} INFO - Started process (PID=2139) to work on /opt/airflow/dags/pipeline_clima.py
[2026-02-08T00:13:56.501+0000] {processor.py:830} INFO - Processing file /opt/airflow/dags/pipeline_clima.py for tasks to queue
[2026-02-08T00:13:56.501+0000] {logging_mixin.py:188} INFO - [2026-02-08T00:13:56.501+0000] {dagbag.py:538} INFO - Filling up the DagBag from /opt/airflow/dags/pipeline_clima.py
[2026-02-08T00:13:56.711+0000] {processor.py:840} INFO - DAG(s) 'pipeline_clima' retrieved from /opt/airflow/dags/pipeline_clima.py
[2026-02-08T00:13:56.736+0000] {logging_mixin.py:188} INFO - [2026-02-08T00:13:56.735+0000] {dag.py:3036} INFO - Sync 1 DAGs
[2026-02-08T00:13:56.916+0000] {logging_mixin.py:188} INFO - [2026-02-08T00:13:56.916+0000] {dag.py:3823} INFO - Setting next_dagrun for pipeline_clima to 2026-02-07 00:00:00+00:00, run_after=2026-02-08 00:00:00+00:00
[2026-02-08T00:13:56.929+0000] {processor.py:183} INFO - Processing /opt/airflow/dags/pipeline_clima.py took 0.432 seconds
[2026-02-08T00:14:27.099+0000] {processor.py:161} INFO - Started process (PID=2151) to work on /opt/airflow/dags/pipeline_clima.py
[2026-02-08T00:14:27.101+0000] {processor.py:830} INFO - Processing file /opt/airflow/dags/pipeline_clima.py for tasks to queue
[2026-02-08T00:14:27.101+0000] {logging_mixin.py:188} INFO - [2026-02-08T00:14:27.101+0000] {dagbag.py:538} INFO - Filling up the DagBag from /opt/airflow/dags/pipeline_clima.py
[2026-02-08T00:14:27.352+0000] {processor.py:840} INFO - DAG(s) 'pipeline_clima' retrieved from /opt/airflow/dags/pipeline_clima.py
[2026-02-08T00:14:27.382+0000] {logging_mixin.py:188} INFO - [2026-02-08T00:14:27.382+0000] {dag.py:3036} INFO - Sync 1 DAGs
[2026-02-08T00:14:27.586+0000] {logging_mixin.py:188} INFO - [2026-02-08T00:14:27.585+0000] {dag.py:3823} INFO - Setting next_dagrun for pipeline_clima to 2026-02-07 00:00:00+00:00, run_after=2026-02-08 00:00:00+00:00
[2026-02-08T00:14:27.600+0000] {processor.py:183} INFO - Processing /opt/airflow/dags/pipeline_clima.py took 0.505 seconds
[2026-02-08T00:14:57.772+0000] {processor.py:161} INFO - Started process (PID=2163) to work on /opt/airflow/dags/pipeline_clima.py
[2026-02-08T00:14:57.773+0000] {processor.py:830} INFO - Processing file /opt/airflow/dags/pipeline_clima.py for tasks to queue
[2026-02-08T00:14:57.773+0000] {logging_mixin.py:188} INFO - [2026-02-08T00:14:57.773+0000] {dagbag.py:538} INFO - Filling up the DagBag from /opt/airflow/dags/pipeline_clima.py
[2026-02-08T00:14:57.979+0000] {processor.py:840} INFO - DAG(s) 'pipeline_clima' retrieved from /opt/airflow/dags/pipeline_clima.py
[2026-02-08T00:14:58.004+0000] {logging_mixin.py:188} INFO - [2026-02-08T00:14:58.004+0000] {dag.py:3036} INFO - Sync 1 DAGs
[2026-02-08T00:14:58.022+0000] {logging_mixin.py:188} INFO - [2026-02-08T00:14:58.022+0000] {dag.py:3823} INFO - Setting next_dagrun for pipeline_clima to 2026-02-07 00:00:00+00:00, run_after=2026-02-08 00:00:00+00:00
[2026-02-08T00:14:58.036+0000] {processor.py:183} INFO - Processing /opt/airflow/dags/pipeline_clima.py took 0.267 seconds
[2026-02-08T00:15:28.190+0000] {processor.py:161} INFO - Started process (PID=2175) to work on /opt/airflow/dags/pipeline_clima.py
[2026-02-08T00:15:28.193+0000] {processor.py:830} INFO - Processing file /opt/airflow/dags/pipeline_clima.py for tasks to queue
[2026-02-08T00:15:28.194+0000] {logging_mixin.py:188} INFO - [2026-02-08T00:15:28.193+0000] {dagbag.py:538} INFO - Filling up the DagBag from /opt/airflow/dags/pipeline_clima.py
[2026-02-08T00:15:28.424+0000] {processor.py:840} INFO - DAG(s) 'pipeline_clima' retrieved from /opt/airflow/dags/pipeline_clima.py
[2026-02-08T00:15:28.450+0000] {logging_mixin.py:188} INFO - [2026-02-08T00:15:28.450+0000] {dag.py:3036} INFO - Sync 1 DAGs
[2026-02-08T00:15:28.469+0000] {logging_mixin.py:188} INFO - [2026-02-08T00:15:28.469+0000] {dag.py:3823} INFO - Setting next_dagrun for pipeline_clima to 2026-02-07 00:00:00+00:00, run_after=2026-02-08 00:00:00+00:00
[2026-02-08T00:15:28.484+0000] {processor.py:183} INFO - Processing /opt/airflow/dags/pipeline_clima.py took 0.298 seconds
[2026-02-08T00:15:58.651+0000] {processor.py:161} INFO - Started process (PID=2187) to work on /opt/airflow/dags/pipeline_clima.py
[2026-02-08T00:15:58.652+0000] {processor.py:830} INFO - Processing file /opt/airflow/dags/pipeline_clima.py for tasks to queue
[2026-02-08T00:15:58.653+0000] {logging_mixin.py:188} INFO - [2026-02-08T00:15:58.653+0000] {dagbag.py:538} INFO - Filling up the DagBag from /opt/airflow/dags/pipeline_clima.py
[2026-02-08T00:15:59.019+0000] {processor.py:840} INFO - DAG(s) 'pipeline_clima' retrieved from /opt/airflow/dags/pipeline_clima.py
[2026-02-08T00:15:59.053+0000] {logging_mixin.py:188} INFO - [2026-02-08T00:15:59.052+0000] {dag.py:3036} INFO - Sync 1 DAGs
[2026-02-08T00:15:59.074+0000] {logging_mixin.py:188} INFO - [2026-02-08T00:15:59.074+0000] {dag.py:3823} INFO - Setting next_dagrun for pipeline_clima to 2026-02-07 00:00:00+00:00, run_after=2026-02-08 00:00:00+00:00
[2026-02-08T00:15:59.090+0000] {processor.py:183} INFO - Processing /opt/airflow/dags/pipeline_clima.py took 0.443 seconds
[2026-02-08T00:16:29.222+0000] {processor.py:161} INFO - Started process (PID=2199) to work on /opt/airflow/dags/pipeline_clima.py
[2026-02-08T00:16:29.223+0000] {processor.py:830} INFO - Processing file /opt/airflow/dags/pipeline_clima.py for tasks to queue
[2026-02-08T00:16:29.223+0000] {logging_mixin.py:188} INFO - [2026-02-08T00:16:29.223+0000] {dagbag.py:538} INFO - Filling up the DagBag from /opt/airflow/dags/pipeline_clima.py
[2026-02-08T00:16:29.434+0000] {processor.py:840} INFO - DAG(s) 'pipeline_clima' retrieved from /opt/airflow/dags/pipeline_clima.py
[2026-02-08T00:16:29.460+0000] {logging_mixin.py:188} INFO - [2026-02-08T00:16:29.460+0000] {dag.py:3036} INFO - Sync 1 DAGs
[2026-02-08T00:16:29.479+0000] {logging_mixin.py:188} INFO - [2026-02-08T00:16:29.479+0000] {dag.py:3823} INFO - Setting next_dagrun for pipeline_clima to 2026-02-07 00:00:00+00:00, run_after=2026-02-08 00:00:00+00:00
[2026-02-08T00:16:29.675+0000] {processor.py:183} INFO - Processing /opt/airflow/dags/pipeline_clima.py took 0.457 seconds
