[2026-02-06T17:33:49.979+0000] {taskinstance.py:1956} INFO - Dependencies all met for dep_context=non-requeueable deps ti=<TaskInstance: pipeline_clima.extrair scheduled__2026-02-06T17:25:00+00:00 [queued]>
[2026-02-06T17:33:49.984+0000] {taskinstance.py:1956} INFO - Dependencies all met for dep_context=requeueable deps ti=<TaskInstance: pipeline_clima.extrair scheduled__2026-02-06T17:25:00+00:00 [queued]>
[2026-02-06T17:33:49.984+0000] {taskinstance.py:2170} INFO - Starting attempt 3 of 3
[2026-02-06T17:33:49.993+0000] {taskinstance.py:2191} INFO - Executing <Task(_PythonDecoratedOperator): extrair> on 2026-02-06 17:25:00+00:00
[2026-02-06T17:33:50.000+0000] {standard_task_runner.py:60} INFO - Started process 554 to run task
[2026-02-06T17:33:50.004+0000] {standard_task_runner.py:87} INFO - Running: ['***', 'tasks', 'run', 'pipeline_clima', 'extrair', 'scheduled__2026-02-06T17:25:00+00:00', '--job-id', '10', '--raw', '--subdir', 'DAGS_FOLDER/pipeline_clima.py', '--cfg-path', '/tmp/tmpw8njhxhr']
[2026-02-06T17:33:50.007+0000] {standard_task_runner.py:88} INFO - Job 10: Subtask extrair
[2026-02-06T17:33:50.059+0000] {task_command.py:423} INFO - Running <TaskInstance: pipeline_clima.extrair scheduled__2026-02-06T17:25:00+00:00 [running]> on host eb7c6511c0dd
[2026-02-06T17:33:50.125+0000] {taskinstance.py:2480} INFO - Exporting env vars: AIRFLOW_CTX_DAG_OWNER='guiandreis' AIRFLOW_CTX_DAG_ID='pipeline_clima' AIRFLOW_CTX_TASK_ID='extrair' AIRFLOW_CTX_EXECUTION_DATE='2026-02-06T17:25:00+00:00' AIRFLOW_CTX_TRY_NUMBER='3' AIRFLOW_CTX_DAG_RUN_ID='scheduled__2026-02-06T17:25:00+00:00'
[2026-02-06T17:33:50.127+0000] {logging_mixin.py:188} INFO - 📥 Extraindo dados da API...
[2026-02-06T17:33:50.128+0000] {taskinstance.py:2698} ERROR - Task failed with exception
Traceback (most recent call last):
  File "/home/airflow/.local/lib/python3.10/site-packages/airflow/models/taskinstance.py", line 433, in _execute_task
    result = execute_callable(context=context, **execute_callable_kwargs)
  File "/home/airflow/.local/lib/python3.10/site-packages/airflow/decorators/base.py", line 241, in execute
    return_value = super().execute(context)
  File "/home/airflow/.local/lib/python3.10/site-packages/airflow/operators/python.py", line 199, in execute
    return_value = self.execute_callable()
  File "/home/airflow/.local/lib/python3.10/site-packages/airflow/operators/python.py", line 216, in execute_callable
    return self.python_callable(*self.op_args, **self.op_kwargs)
  File "/opt/airflow/dags/pipeline_clima.py", line 28, in extrair
    df_raw = extrair_dados("Caxias do Sul", dias=7)
  File "/opt/airflow/src/pipeline_tempo.py", line 24, in extrair_dados
    df = pd.read_csv(URL, timeout=10)
TypeError: read_csv() got an unexpected keyword argument 'timeout'
[2026-02-06T17:33:50.136+0000] {taskinstance.py:1138} INFO - Marking task as FAILED. dag_id=pipeline_clima, task_id=extrair, execution_date=20260206T172500, start_date=20260206T173349, end_date=20260206T173350
[2026-02-06T17:33:50.145+0000] {standard_task_runner.py:107} ERROR - Failed to execute job 10 for task extrair (read_csv() got an unexpected keyword argument 'timeout'; 554)
[2026-02-06T17:33:50.176+0000] {local_task_job_runner.py:234} INFO - Task exited with return code 1
[2026-02-06T17:33:50.194+0000] {taskinstance.py:3280} INFO - 0 downstream tasks scheduled from follow-on schedule check
