[2026-02-07T18:56:40.027+0000] {processor.py:161} INFO - Started process (PID=1812) to work on /opt/airflow/dags/pipeline_clima.py
[2026-02-07T18:56:40.028+0000] {processor.py:830} INFO - Processing file /opt/airflow/dags/pipeline_clima.py for tasks to queue
[2026-02-07T18:56:40.029+0000] {logging_mixin.py:188} INFO - [2026-02-07T18:56:40.028+0000] {dagbag.py:538} INFO - Filling up the DagBag from /opt/airflow/dags/pipeline_clima.py
[2026-02-07T18:56:41.859+0000] {processor.py:840} INFO - DAG(s) 'pipeline_clima' retrieved from /opt/airflow/dags/pipeline_clima.py
[2026-02-07T18:56:41.884+0000] {logging_mixin.py:188} INFO - [2026-02-07T18:56:41.884+0000] {dag.py:3036} INFO - Sync 1 DAGs
[2026-02-07T18:56:42.045+0000] {logging_mixin.py:188} INFO - [2026-02-07T18:56:42.044+0000] {dag.py:3823} INFO - Setting next_dagrun for pipeline_clima to 2026-02-07 00:00:00+00:00, run_after=2026-02-08 00:00:00+00:00
[2026-02-07T18:56:42.056+0000] {processor.py:183} INFO - Processing /opt/airflow/dags/pipeline_clima.py took 0.399 seconds
[2026-02-07T18:57:12.777+0000] {processor.py:161} INFO - Started process (PID=1818) to work on /opt/airflow/dags/pipeline_clima.py
[2026-02-07T18:57:12.778+0000] {processor.py:830} INFO - Processing file /opt/airflow/dags/pipeline_clima.py for tasks to queue
[2026-02-07T18:57:12.778+0000] {logging_mixin.py:188} INFO - [2026-02-07T18:57:12.778+0000] {dagbag.py:538} INFO - Filling up the DagBag from /opt/airflow/dags/pipeline_clima.py
[2026-02-07T18:57:14.596+0000] {processor.py:840} INFO - DAG(s) 'pipeline_clima' retrieved from /opt/airflow/dags/pipeline_clima.py
[2026-02-07T18:57:14.618+0000] {logging_mixin.py:188} INFO - [2026-02-07T18:57:14.618+0000] {dag.py:3036} INFO - Sync 1 DAGs
[2026-02-07T18:57:14.634+0000] {logging_mixin.py:188} INFO - [2026-02-07T18:57:14.634+0000] {dag.py:3823} INFO - Setting next_dagrun for pipeline_clima to 2026-02-07 00:00:00+00:00, run_after=2026-02-08 00:00:00+00:00
[2026-02-07T18:57:14.646+0000] {processor.py:183} INFO - Processing /opt/airflow/dags/pipeline_clima.py took 0.238 seconds
[2026-02-07T18:57:47.147+0000] {processor.py:161} INFO - Started process (PID=1824) to work on /opt/airflow/dags/pipeline_clima.py
[2026-02-07T18:57:47.148+0000] {processor.py:830} INFO - Processing file /opt/airflow/dags/pipeline_clima.py for tasks to queue
[2026-02-07T18:57:47.149+0000] {logging_mixin.py:188} INFO - [2026-02-07T18:57:47.149+0000] {dagbag.py:538} INFO - Filling up the DagBag from /opt/airflow/dags/pipeline_clima.py
[2026-02-07T18:57:47.331+0000] {processor.py:840} INFO - DAG(s) 'pipeline_clima' retrieved from /opt/airflow/dags/pipeline_clima.py
[2026-02-07T18:57:47.356+0000] {logging_mixin.py:188} INFO - [2026-02-07T18:57:47.356+0000] {dag.py:3036} INFO - Sync 1 DAGs
[2026-02-07T18:57:47.374+0000] {logging_mixin.py:188} INFO - [2026-02-07T18:57:47.374+0000] {dag.py:3823} INFO - Setting next_dagrun for pipeline_clima to 2026-02-07 00:00:00+00:00, run_after=2026-02-08 00:00:00+00:00
[2026-02-07T18:57:47.389+0000] {processor.py:183} INFO - Processing /opt/airflow/dags/pipeline_clima.py took 0.245 seconds
[2026-02-07T18:58:20.168+0000] {processor.py:161} INFO - Started process (PID=1830) to work on /opt/airflow/dags/pipeline_clima.py
[2026-02-07T18:58:20.169+0000] {processor.py:830} INFO - Processing file /opt/airflow/dags/pipeline_clima.py for tasks to queue
[2026-02-07T18:58:20.170+0000] {logging_mixin.py:188} INFO - [2026-02-07T18:58:20.169+0000] {dagbag.py:538} INFO - Filling up the DagBag from /opt/airflow/dags/pipeline_clima.py
[2026-02-07T18:58:20.357+0000] {processor.py:840} INFO - DAG(s) 'pipeline_clima' retrieved from /opt/airflow/dags/pipeline_clima.py
[2026-02-07T18:58:20.378+0000] {logging_mixin.py:188} INFO - [2026-02-07T18:58:20.378+0000] {dag.py:3036} INFO - Sync 1 DAGs
[2026-02-07T18:58:20.394+0000] {logging_mixin.py:188} INFO - [2026-02-07T18:58:20.394+0000] {dag.py:3823} INFO - Setting next_dagrun for pipeline_clima to 2026-02-07 00:00:00+00:00, run_after=2026-02-08 00:00:00+00:00
[2026-02-07T18:58:20.405+0000] {processor.py:183} INFO - Processing /opt/airflow/dags/pipeline_clima.py took 0.240 seconds
[2026-02-07T18:58:53.043+0000] {processor.py:161} INFO - Started process (PID=1836) to work on /opt/airflow/dags/pipeline_clima.py
[2026-02-07T18:58:53.044+0000] {processor.py:830} INFO - Processing file /opt/airflow/dags/pipeline_clima.py for tasks to queue
[2026-02-07T18:58:53.045+0000] {logging_mixin.py:188} INFO - [2026-02-07T18:58:53.045+0000] {dagbag.py:538} INFO - Filling up the DagBag from /opt/airflow/dags/pipeline_clima.py
[2026-02-07T18:58:53.233+0000] {processor.py:840} INFO - DAG(s) 'pipeline_clima' retrieved from /opt/airflow/dags/pipeline_clima.py
[2026-02-07T18:58:53.257+0000] {logging_mixin.py:188} INFO - [2026-02-07T18:58:53.257+0000] {dag.py:3036} INFO - Sync 1 DAGs
[2026-02-07T18:58:53.275+0000] {logging_mixin.py:188} INFO - [2026-02-07T18:58:53.275+0000] {dag.py:3823} INFO - Setting next_dagrun for pipeline_clima to 2026-02-07 00:00:00+00:00, run_after=2026-02-08 00:00:00+00:00
[2026-02-07T18:58:53.288+0000] {processor.py:183} INFO - Processing /opt/airflow/dags/pipeline_clima.py took 0.248 seconds
[2026-02-07T18:59:23.530+0000] {processor.py:161} INFO - Started process (PID=1842) to work on /opt/airflow/dags/pipeline_clima.py
[2026-02-07T18:59:23.530+0000] {processor.py:830} INFO - Processing file /opt/airflow/dags/pipeline_clima.py for tasks to queue
[2026-02-07T18:59:23.531+0000] {logging_mixin.py:188} INFO - [2026-02-07T18:59:23.531+0000] {dagbag.py:538} INFO - Filling up the DagBag from /opt/airflow/dags/pipeline_clima.py
[2026-02-07T18:59:25.368+0000] {processor.py:840} INFO - DAG(s) 'pipeline_clima' retrieved from /opt/airflow/dags/pipeline_clima.py
[2026-02-07T18:59:25.389+0000] {logging_mixin.py:188} INFO - [2026-02-07T18:59:25.388+0000] {dag.py:3036} INFO - Sync 1 DAGs
[2026-02-07T18:59:25.406+0000] {logging_mixin.py:188} INFO - [2026-02-07T18:59:25.406+0000] {dag.py:3823} INFO - Setting next_dagrun for pipeline_clima to 2026-02-07 00:00:00+00:00, run_after=2026-02-08 00:00:00+00:00
[2026-02-07T18:59:25.544+0000] {processor.py:183} INFO - Processing /opt/airflow/dags/pipeline_clima.py took 0.380 seconds
